<?xml version="1.0" encoding="UTF-8"?>
<!-- Generated by org.testng.reporters.JUnitReportReporter -->
<testsuite skipped="0" hostname="Teleios-HP" name="runner.BlogPageRunner" tests="1" failures="0" timestamp="04 Dec 2020 10:49:37 GMT" time="11.855" errors="0">
  <testcase name="runScenario" time="11.855" classname="runner.BlogPageRunner"/>
</testsuite> <!-- runner.BlogPageRunner -->
